F:\STUDYMATERIAL\VS2010 PROJECTS\PROJECTS\MYFIRSTBHO\DEBUG\MYFIRSTBHO.DLL
F:\StudyMaterial\VS2010 Projects\Projects\MyFirstBHO\Debug\MyFirstBHO.exp
F:\STUDYMATERIAL\VS2010 PROJECTS\PROJECTS\MYFIRSTBHO\DEBUG\MYFIRSTBHO.ILK
F:\StudyMaterial\VS2010 Projects\Projects\MyFirstBHO\Debug\MyFirstBHO.lib
F:\STUDYMATERIAL\VS2010 PROJECTS\PROJECTS\MYFIRSTBHO\DEBUG\MYFIRSTBHO.PDB
F:\STUDYMATERIAL\VS2010 PROJECTS\PROJECTS\MYFIRSTBHO\MYFIRSTBHO\DEBUG\ATLSIMPLEOBJECT.OBJ
F:\StudyMaterial\VS2010 Projects\Projects\MyFirstBHO\MyFirstBHO\Debug\cl.command.1.tlog
F:\StudyMaterial\VS2010 Projects\Projects\MyFirstBHO\MyFirstBHO\Debug\CL.read.1.tlog
F:\StudyMaterial\VS2010 Projects\Projects\MyFirstBHO\MyFirstBHO\Debug\CL.write.1.tlog
F:\STUDYMATERIAL\VS2010 PROJECTS\PROJECTS\MYFIRSTBHO\MYFIRSTBHO\DEBUG\DLLMAIN.OBJ
F:\StudyMaterial\VS2010 Projects\Projects\MyFirstBHO\MyFirstBHO\Debug\link.command.1.tlog
F:\StudyMaterial\VS2010 Projects\Projects\MyFirstBHO\MyFirstBHO\Debug\link.read.1.tlog
F:\StudyMaterial\VS2010 Projects\Projects\MyFirstBHO\MyFirstBHO\Debug\link.write.1.tlog
F:\StudyMaterial\VS2010 Projects\Projects\MyFirstBHO\MyFirstBHO\Debug\link-cvtres.read.1.tlog
F:\StudyMaterial\VS2010 Projects\Projects\MyFirstBHO\MyFirstBHO\Debug\link-cvtres.write.1.tlog
F:\StudyMaterial\VS2010 Projects\Projects\MyFirstBHO\MyFirstBHO\Debug\midl.command.1.tlog
F:\StudyMaterial\VS2010 Projects\Projects\MyFirstBHO\MyFirstBHO\Debug\midl.read.1.tlog
F:\StudyMaterial\VS2010 Projects\Projects\MyFirstBHO\MyFirstBHO\Debug\midl.write.1.tlog
F:\StudyMaterial\VS2010 Projects\Projects\MyFirstBHO\MyFirstBHO\Debug\midl-midlc.read.1.tlog
F:\StudyMaterial\VS2010 Projects\Projects\MyFirstBHO\MyFirstBHO\Debug\midl-midlc.write.1.tlog
F:\StudyMaterial\VS2010 Projects\Projects\MyFirstBHO\MyFirstBHO\Debug\midl-midlc-cl.read.1.tlog
F:\StudyMaterial\VS2010 Projects\Projects\MyFirstBHO\MyFirstBHO\Debug\mt.command.1.tlog
F:\StudyMaterial\VS2010 Projects\Projects\MyFirstBHO\MyFirstBHO\Debug\mt.read.1.tlog
F:\StudyMaterial\VS2010 Projects\Projects\MyFirstBHO\MyFirstBHO\Debug\mt.write.1.tlog
F:\STUDYMATERIAL\VS2010 PROJECTS\PROJECTS\MYFIRSTBHO\MYFIRSTBHO\DEBUG\MYFIRSTBHO.DLL.EMBED.MANIFEST
F:\STUDYMATERIAL\VS2010 PROJECTS\PROJECTS\MYFIRSTBHO\MYFIRSTBHO\DEBUG\MYFIRSTBHO.DLL.EMBED.MANIFEST.RES
F:\STUDYMATERIAL\VS2010 PROJECTS\PROJECTS\MYFIRSTBHO\MYFIRSTBHO\DEBUG\MYFIRSTBHO.DLL.INTERMEDIATE.MANIFEST
F:\STUDYMATERIAL\VS2010 PROJECTS\PROJECTS\MYFIRSTBHO\MYFIRSTBHO\DEBUG\MYFIRSTBHO.OBJ
F:\STUDYMATERIAL\VS2010 PROJECTS\PROJECTS\MYFIRSTBHO\MYFIRSTBHO\DEBUG\MYFIRSTBHO.PCH
F:\STUDYMATERIAL\VS2010 PROJECTS\PROJECTS\MYFIRSTBHO\MYFIRSTBHO\DEBUG\MYFIRSTBHO.RES
F:\STUDYMATERIAL\VS2010 PROJECTS\PROJECTS\MYFIRSTBHO\MYFIRSTBHO\DEBUG\MYFIRSTBHO.TLB
F:\StudyMaterial\VS2010 Projects\Projects\MyFirstBHO\MyFirstBHO\Debug\MyFirstBHO.write.1.tlog
F:\STUDYMATERIAL\VS2010 PROJECTS\PROJECTS\MYFIRSTBHO\MYFIRSTBHO\DEBUG\MYFIRSTBHO_I.OBJ
F:\StudyMaterial\VS2010 Projects\Projects\MyFirstBHO\MyFirstBHO\Debug\MyFirstBHO_manifest.rc
F:\StudyMaterial\VS2010 Projects\Projects\MyFirstBHO\MyFirstBHO\Debug\rc.command.1.tlog
F:\StudyMaterial\VS2010 Projects\Projects\MyFirstBHO\MyFirstBHO\Debug\rc.read.1.tlog
F:\StudyMaterial\VS2010 Projects\Projects\MyFirstBHO\MyFirstBHO\Debug\rc.write.1.tlog
F:\STUDYMATERIAL\VS2010 PROJECTS\PROJECTS\MYFIRSTBHO\MYFIRSTBHO\DEBUG\STDAFX.OBJ
F:\StudyMaterial\VS2010 Projects\Projects\MyFirstBHO\MyFirstBHO\Debug\vc100.idb
F:\STUDYMATERIAL\VS2010 PROJECTS\PROJECTS\MYFIRSTBHO\MYFIRSTBHO\DEBUG\VC100.PDB
F:\STUDYMATERIAL\VS2010 PROJECTS\PROJECTS\MYFIRSTBHO\MYFIRSTBHO\MYFIRSTBHO_I.C
F:\STUDYMATERIAL\VS2010 PROJECTS\PROJECTS\MYFIRSTBHO\MYFIRSTBHO\MYFIRSTBHO_I.H
F:\STUDYMATERIAL\VS2010 PROJECTS\PROJECTS\MYFIRSTBHO\MYFIRSTBHO\MYFIRSTBHO_P.C
