Build started 9/10/2012 9:35:20 AM.
     1>Project "F:\StudyMaterial\VS2010_Projects\Projects\MyFirstBHO\MyFirstBHO\MyFirstBHO.vcxproj" on node 2 (build target(s)).
     1>InitializeBuildStatus:
         Touching "Debug\MyFirstBHO.unsuccessfulbuild".
       Midl:
         All outputs are up-to-date.
       ClCompile:
         All outputs are up-to-date.
         c:\Program Files (x86)\Microsoft Visual Studio 10.0\VC\bin\CL.exe /c /ZI /nologo /W3 /WX- /Od /Oy- /D WIN32 /D _WINDOWS /D _DEBUG /D _USRDLL /D _WINDLL /D _UNICODE /D UNICODE /D _ATL_DLL /Gm /EHsc /RTC1 /MDd /GS /fp:precise /Zc:wchar_t /Zc:forScope /Yu"StdAfx.h" /Fp"Debug\MyFirstBHO.pch" /Fo"Debug\\" /Fd"F:\StudyMaterial\VS2010 Projects\Projects\MyFirstBHO\MyFirstBHO\Debug\MyFirstBHO.pdb" /Gd /TP /analyze- /errorReport:prompt ATLSimpleObject.cpp
         ATLSimpleObject.cpp
     1>f:\studymaterial\vs2010_projects\projects\myfirstbho\myfirstbho\atlsimpleobject.cpp(63): warning C4101: 'len1' : unreferenced local variable
     1>f:\studymaterial\vs2010_projects\projects\myfirstbho\myfirstbho\atlsimpleobject.cpp(63): warning C4101: 'len2' : unreferenced local variable
         All outputs are up-to-date.
         All outputs are up-to-date.
       ResourceCompile:
         All outputs are up-to-date.
       ManifestResourceCompile:
         All outputs are up-to-date.
       Link:
         c:\Program Files (x86)\Microsoft Visual Studio 10.0\VC\bin\link.exe /ERRORREPORT:PROMPT /OUT:"F:\StudyMaterial\VS2010_Projects\Projects\MyFirstBHO\Debug\MyFirstBHO.dll" /INCREMENTAL /NOLOGO kernel32.lib user32.lib gdi32.lib winspool.lib comdlg32.lib advapi32.lib shell32.lib ole32.lib oleaut32.lib uuid.lib odbc32.lib odbccp32.lib /DEF:".\MyFirstBHO.def" /MANIFEST /ManifestFile:"Debug\MyFirstBHO.dll.intermediate.manifest" /MANIFESTUAC:"level='asInvoker' uiAccess='false'" /DEBUG /PDB:"F:\StudyMaterial\VS2010_Projects\Projects\MyFirstBHO\Debug\MyFirstBHO.pdb" /SUBSYSTEM:WINDOWS /TLBID:1 /DYNAMICBASE /NXCOMPAT /MACHINE:X86 /DLL Debug\MyFirstBHO.res
         Debug\MyFirstBHO.dll.embed.manifest.res
         Debug\ATLSimpleObject.obj
         Debug\dllmain.obj
         Debug\MyFirstBHO.obj
         Debug\MyFirstBHO_i.obj
         Debug\stdafx.obj
            Creating library F:\StudyMaterial\VS2010_Projects\Projects\MyFirstBHO\Debug\MyFirstBHO.lib and object F:\StudyMaterial\VS2010_Projects\Projects\MyFirstBHO\Debug\MyFirstBHO.exp
       Manifest:
         C:\Program Files (x86)\Microsoft SDKs\Windows\v7.0A\bin\mt.exe /nologo /verbose /out:"Debug\MyFirstBHO.dll.embed.manifest" /manifest Debug\MyFirstBHO.dll.intermediate.manifest
         All outputs are up-to-date.
       LinkEmbedManifest:
         All outputs are up-to-date.
         MyFirstBHO.vcxproj -> F:\StudyMaterial\VS2010_Projects\Projects\MyFirstBHO\Debug\MyFirstBHO.dll
       RegisterOutput:
         regsvr32 /s "F:\StudyMaterial\VS2010_Projects\Projects\MyFirstBHO\Debug\MyFirstBHO.dll"
       CopyFilesToOutputDirectory:
         Copying file from "Debug\MyFirstBHO.pdb" to "F:\StudyMaterial\VS2010_Projects\Projects\MyFirstBHO\Debug\MyFirstBHO.pdb".
       FinalizeBuildStatus:
         Deleting file "Debug\MyFirstBHO.unsuccessfulbuild".
         Touching "Debug\MyFirstBHO.lastbuildstate".
     1>Done Building Project "F:\StudyMaterial\VS2010_Projects\Projects\MyFirstBHO\MyFirstBHO\MyFirstBHO.vcxproj" (build target(s)).

Build succeeded.

Time Elapsed 00:00:01.59
