Build started 9/9/2012 5:11:09 PM.
     1>Project "F:\StudyMaterial\VS2010_Projects\Projects\MyFirstBHO\MyFirstBHO\MyFirstBHO.vcxproj" on node 2 (build target(s)).
     1>InitializeBuildStatus:
         Touching "Release\MyFirstBHO.unsuccessfulbuild".
       Midl:
         All outputs are up-to-date.
       ClCompile:
         All outputs are up-to-date.
         All outputs are up-to-date.
         All outputs are up-to-date.
         All outputs are up-to-date.
       ResourceCompile:
         All outputs are up-to-date.
       Link:
         c:\Program Files (x86)\Microsoft Visual Studio 10.0\VC\bin\link.exe /ERRORREPORT:PROMPT /OUT:"F:\StudyMaterial\VS2010_Projects\Projects\MyFirstBHO\Release\MyFirstBHO.dll" /INCREMENTAL:NO /NOLOGO kernel32.lib user32.lib gdi32.lib winspool.lib comdlg32.lib advapi32.lib shell32.lib ole32.lib oleaut32.lib uuid.lib odbc32.lib odbccp32.lib /DEF:".\MyFirstBHO.def" /MANIFEST /ManifestFile:"Release\MyFirstBHO.dll.intermediate.manifest" /MANIFESTUAC:"level='asInvoker' uiAccess='false'" /DEBUG /PDB:"F:\StudyMaterial\VS2010 Projects\Projects\MyFirstBHO\MyFirstBHO\Debug\MyFirstBHO.pdb" /SUBSYSTEM:WINDOWS /OPT:REF /OPT:ICF /TLBID:1 /DYNAMICBASE /NXCOMPAT /MACHINE:X86 /DLL Release\MyFirstBHO.res
         Release\ATLSimpleObject.obj
         Release\dllmain.obj
         Release\MyFirstBHO.obj
         Release\MyFirstBHO_i.obj
         Release\stdafx.obj
     1>LINK : fatal error LNK1104: cannot open file 'F:\StudyMaterial\VS2010_Projects\Projects\MyFirstBHO\Release\MyFirstBHO.dll'
     1>Done Building Project "F:\StudyMaterial\VS2010_Projects\Projects\MyFirstBHO\MyFirstBHO\MyFirstBHO.vcxproj" (build target(s)) -- FAILED.

Build FAILED.

Time Elapsed 00:00:00.13
