F:\STUDYMATERIAL\VS2010 PROJECTS\PROJECTS\MYFIRSTBHO\MYFIRSTBHO\DEBUG\MYFIRSTBHO.PDB
F:\STUDYMATERIAL\VS2010_PROJECTS\PROJECTS\MYFIRSTBHO\MYFIRSTBHO\MYFIRSTBHO_I.C
F:\STUDYMATERIAL\VS2010_PROJECTS\PROJECTS\MYFIRSTBHO\MYFIRSTBHO\MYFIRSTBHO_I.H
F:\STUDYMATERIAL\VS2010_PROJECTS\PROJECTS\MYFIRSTBHO\MYFIRSTBHO\MYFIRSTBHO_P.C
F:\STUDYMATERIAL\VS2010_PROJECTS\PROJECTS\MYFIRSTBHO\MYFIRSTBHO\RELEASE\ATLSIMPLEOBJECT.OBJ
F:\StudyMaterial\VS2010_Projects\Projects\MyFirstBHO\MyFirstBHO\Release\cl.command.1.tlog
F:\StudyMaterial\VS2010_Projects\Projects\MyFirstBHO\MyFirstBHO\Release\CL.read.1.tlog
F:\StudyMaterial\VS2010_Projects\Projects\MyFirstBHO\MyFirstBHO\Release\CL.write.1.tlog
F:\STUDYMATERIAL\VS2010_PROJECTS\PROJECTS\MYFIRSTBHO\MYFIRSTBHO\RELEASE\DLLMAIN.OBJ
F:\StudyMaterial\VS2010_Projects\Projects\MyFirstBHO\MyFirstBHO\Release\link.command.1.tlog
F:\StudyMaterial\VS2010_Projects\Projects\MyFirstBHO\MyFirstBHO\Release\link.read.1.tlog
F:\StudyMaterial\VS2010_Projects\Projects\MyFirstBHO\MyFirstBHO\Release\link.write.1.tlog
F:\StudyMaterial\VS2010_Projects\Projects\MyFirstBHO\MyFirstBHO\Release\link-cvtres.read.1.tlog
F:\StudyMaterial\VS2010_Projects\Projects\MyFirstBHO\MyFirstBHO\Release\link-cvtres.write.1.tlog
F:\StudyMaterial\VS2010_Projects\Projects\MyFirstBHO\MyFirstBHO\Release\midl.command.1.tlog
F:\StudyMaterial\VS2010_Projects\Projects\MyFirstBHO\MyFirstBHO\Release\midl.read.1.tlog
F:\StudyMaterial\VS2010_Projects\Projects\MyFirstBHO\MyFirstBHO\Release\midl.write.1.tlog
F:\StudyMaterial\VS2010_Projects\Projects\MyFirstBHO\MyFirstBHO\Release\midl-midlc.read.1.tlog
F:\StudyMaterial\VS2010_Projects\Projects\MyFirstBHO\MyFirstBHO\Release\midl-midlc.write.1.tlog
F:\StudyMaterial\VS2010_Projects\Projects\MyFirstBHO\MyFirstBHO\Release\midl-midlc-cl.read.1.tlog
F:\StudyMaterial\VS2010_Projects\Projects\MyFirstBHO\MyFirstBHO\Release\mt.command.1.tlog
F:\StudyMaterial\VS2010_Projects\Projects\MyFirstBHO\MyFirstBHO\Release\mt.read.1.tlog
F:\StudyMaterial\VS2010_Projects\Projects\MyFirstBHO\MyFirstBHO\Release\mt.write.1.tlog
F:\STUDYMATERIAL\VS2010_PROJECTS\PROJECTS\MYFIRSTBHO\MYFIRSTBHO\RELEASE\MYFIRSTBHO.DLL.INTERMEDIATE.MANIFEST
F:\STUDYMATERIAL\VS2010_PROJECTS\PROJECTS\MYFIRSTBHO\MYFIRSTBHO\RELEASE\MYFIRSTBHO.OBJ
F:\STUDYMATERIAL\VS2010_PROJECTS\PROJECTS\MYFIRSTBHO\MYFIRSTBHO\RELEASE\MYFIRSTBHO.PCH
F:\STUDYMATERIAL\VS2010_PROJECTS\PROJECTS\MYFIRSTBHO\MYFIRSTBHO\RELEASE\MYFIRSTBHO.RES
F:\STUDYMATERIAL\VS2010_PROJECTS\PROJECTS\MYFIRSTBHO\MYFIRSTBHO\RELEASE\MYFIRSTBHO.TLB
F:\StudyMaterial\VS2010_Projects\Projects\MyFirstBHO\MyFirstBHO\Release\MyFirstBHO.write.1.tlog
F:\STUDYMATERIAL\VS2010_PROJECTS\PROJECTS\MYFIRSTBHO\MYFIRSTBHO\RELEASE\MYFIRSTBHO_I.OBJ
F:\StudyMaterial\VS2010_Projects\Projects\MyFirstBHO\MyFirstBHO\Release\rc.command.1.tlog
F:\StudyMaterial\VS2010_Projects\Projects\MyFirstBHO\MyFirstBHO\Release\rc.read.1.tlog
F:\StudyMaterial\VS2010_Projects\Projects\MyFirstBHO\MyFirstBHO\Release\rc.write.1.tlog
F:\STUDYMATERIAL\VS2010_PROJECTS\PROJECTS\MYFIRSTBHO\MYFIRSTBHO\RELEASE\STDAFX.OBJ
F:\StudyMaterial\VS2010_Projects\Projects\MyFirstBHO\MyFirstBHO\Release\vc100.idb
F:\STUDYMATERIAL\VS2010_PROJECTS\PROJECTS\MYFIRSTBHO\MYFIRSTBHO\RELEASE\VC100.PDB
F:\STUDYMATERIAL\VS2010_PROJECTS\PROJECTS\MYFIRSTBHO\RELEASE\MYFIRSTBHO.DLL
F:\StudyMaterial\VS2010_Projects\Projects\MyFirstBHO\Release\MyFirstBHO.exp
F:\StudyMaterial\VS2010_Projects\Projects\MyFirstBHO\Release\MyFirstBHO.lib
